TN:
SF:spec\bank.spec.js
FN:5,(anonymous_0)
FN:10,(anonymous_1)
FN:14,(anonymous_2)
FN:15,(anonymous_3)
FN:20,(anonymous_4)
FN:27,(anonymous_5)
FN:30,(anonymous_6)
FN:35,(anonymous_7)
FN:39,(anonymous_8)
FN:48,(anonymous_9)
FN:49,(anonymous_10)
FN:54,(anonymous_11)
FN:55,(anonymous_12)
FNF:13
FNH:12
FNDA:1,(anonymous_0)
FNDA:6,(anonymous_1)
FNDA:1,(anonymous_2)
FNDA:1,(anonymous_3)
FNDA:1,(anonymous_4)
FNDA:1,(anonymous_5)
FNDA:4,(anonymous_6)
FNDA:1,(anonymous_7)
FNDA:1,(anonymous_8)
FNDA:1,(anonymous_9)
FNDA:1,(anonymous_10)
FNDA:1,(anonymous_11)
FNDA:0,(anonymous_12)
DA:1,1
DA:2,1
DA:5,1
DA:6,1
DA:7,1
DA:10,1
DA:11,6
DA:14,1
DA:15,1
DA:17,1
DA:20,1
DA:21,1
DA:22,1
DA:27,1
DA:30,1
DA:31,4
DA:35,1
DA:37,1
DA:39,1
DA:40,1
DA:41,1
DA:42,0
DA:44,1
DA:48,1
DA:49,1
DA:54,1
DA:55,1
LF:27
LH:26
BRF:0
BRH:0
end_of_record
TN:
SF:src\test-utils.js
FN:1,(anonymous_0)
FN:3,(anonymous_1)
FNF:2
FNH:2
FNDA:3,(anonymous_0)
FNDA:2,(anonymous_1)
DA:1,1
DA:3,3
DA:4,2
DA:5,2
DA:6,2
DA:8,0
DA:14,1
LF:7
LH:6
BRF:0
BRH:0
end_of_record
TN:
SF:src\finance\Bank.js
FN:2,(anonymous_0)
FN:10,(anonymous_1)
FN:18,(anonymous_2)
FN:27,(anonymous_3)
FN:31,(anonymous_4)
FNF:5
FNH:4
FNDA:1,(anonymous_0)
FNDA:1,(anonymous_1)
FNDA:0,(anonymous_2)
FNDA:6,(anonymous_3)
FNDA:3,(anonymous_4)
DA:3,1
DA:4,1
DA:5,1
DA:11,1
DA:12,1
DA:13,1
DA:19,0
DA:20,0
DA:21,0
DA:28,6
DA:33,3
DA:34,1
DA:36,2
DA:37,1
DA:40,1
DA:44,1
LF:16
LH:13
BRDA:33,0,0,1
BRDA:33,0,1,2
BRDA:36,1,0,1
BRDA:36,1,1,1
BRF:4
BRH:4
end_of_record
TN:
SF:src\math\prime.js
FN:1,isPrime
FN:13,findPrimes
FN:22,(anonymous_2)
FN:27,(anonymous_3)
FNF:4
FNH:4
FNDA:5751,isPrime
FNDA:3,findPrimes
FNDA:1,(anonymous_2)
FNDA:1,(anonymous_3)
DA:2,5751
DA:3,28
DA:5,5723
DA:6,1571855
DA:7,4861
DA:10,862
DA:14,3
DA:15,3
DA:16,123
DA:17,33
DA:19,3
DA:22,1
DA:24,1
DA:25,1
DA:27,1
DA:29,1
DA:30,0
DA:31,0
DA:35,1
DA:36,100
DA:37,25
DA:38,100
DA:39,100
DA:40,0
DA:43,1
DA:44,1
DA:45,1
DA:54,1
LF:28
LH:25
BRDA:2,0,0,28
BRDA:2,0,1,5723
BRDA:6,1,0,4861
BRDA:6,1,1,1566994
BRDA:16,2,0,33
BRDA:16,2,1,90
BRDA:29,3,0,0
BRDA:29,3,1,1
BRDA:36,4,0,25
BRDA:36,4,1,75
BRDA:39,5,0,0
BRDA:39,5,1,100
BRDA:43,6,0,1
BRDA:43,6,1,0
BRF:14
BRH:11
end_of_record
